{"/home/alex/src/ws-request-hook/src/hook.ts": {"path":"/home/alex/src/ws-request-hook/src/hook.ts","statementMap":{"0":{"start":{"line":7,"column":0},"end":{"line":7,"column":16}},"1":{"start":{"line":2,"column":0},"end":{"line":2,"column":47}},"2":{"start":{"line":3,"column":0},"end":{"line":3,"column":23}},"3":{"start":{"line":107,"column":9},"end":{"line":3,"column":63}},"4":{"start":{"line":4,"column":0},"end":{"line":4,"column":55}},"5":{"start":{"line":5,"column":0},"end":{"line":5,"column":65}},"6":{"start":{"line":8,"column":53},"end":{"line":12,"column":6}},"7":{"start":{"line":11,"column":31},"end":{"line":11,"column":35}},"8":{"start":{"line":14,"column":4},"end":{"line":50,"column":22}},"9":{"start":{"line":15,"column":8},"end":{"line":49,"column":9}},"10":{"start":{"line":16,"column":12},"end":{"line":48,"column":13}},"11":{"start":{"line":17,"column":32},"end":{"line":17,"column":60}},"12":{"start":{"line":19,"column":16},"end":{"line":22,"column":17}},"13":{"start":{"line":20,"column":20},"end":{"line":20,"column":82}},"14":{"start":{"line":21,"column":20},"end":{"line":21,"column":27}},"15":{"start":{"line":24,"column":16},"end":{"line":38,"column":17}},"16":{"start":{"line":25,"column":57},"end":{"line":25,"column":96}},"17":{"start":{"line":26,"column":20},"end":{"line":26,"column":42}},"18":{"start":{"line":28,"column":20},"end":{"line":34,"column":21}},"19":{"start":{"line":29,"column":24},"end":{"line":29,"column":57}},"20":{"start":{"line":32,"column":44},"end":{"line":32,"column":100}},"21":{"start":{"line":33,"column":24},"end":{"line":33,"column":45}},"22":{"start":{"line":36,"column":20},"end":{"line":36,"column":62}},"23":{"start":{"line":37,"column":20},"end":{"line":37,"column":27}},"24":{"start":{"line":40,"column":33},"end":{"line":40,"column":77}},"25":{"start":{"line":41,"column":16},"end":{"line":45,"column":17}},"26":{"start":{"line":43,"column":37},"end":{"line":43,"column":93}},"27":{"start":{"line":44,"column":20},"end":{"line":44,"column":67}},"28":{"start":{"line":44,"column":48},"end":{"line":44,"column":65}},"29":{"start":{"line":47,"column":16},"end":{"line":47,"column":75}},"30":{"start":{"line":52,"column":24},"end":{"line":77,"column":33}},"31":{"start":{"line":56,"column":8},"end":{"line":58,"column":9}},"32":{"start":{"line":57,"column":12},"end":{"line":57,"column":58}},"33":{"start":{"line":60,"column":26},"end":{"line":60,"column":45}},"34":{"start":{"line":62,"column":24},"end":{"line":69,"column":10}},"35":{"start":{"line":63,"column":28},"end":{"line":66,"column":46}},"36":{"start":{"line":64,"column":16},"end":{"line":64,"column":50}},"37":{"start":{"line":65,"column":16},"end":{"line":65,"column":55}},"38":{"start":{"line":68,"column":12},"end":{"line":68,"column":73}},"39":{"start":{"line":71,"column":8},"end":{"line":74,"column":12}},"40":{"start":{"line":76,"column":8},"end":{"line":76,"column":23}},"41":{"start":{"line":79,"column":22},"end":{"line":98,"column":10}},"42":{"start":{"line":83,"column":26},"end":{"line":83,"column":53}},"43":{"start":{"line":85,"column":8},"end":{"line":87,"column":9}},"44":{"start":{"line":86,"column":12},"end":{"line":86,"column":60}},"45":{"start":{"line":89,"column":25},"end":{"line":89,"column":62}},"46":{"start":{"line":90,"column":8},"end":{"line":90,"column":60}},"47":{"start":{"line":92,"column":8},"end":{"line":97,"column":10}},"48":{"start":{"line":93,"column":12},"end":{"line":93,"column":67}},"49":{"start":{"line":94,"column":12},"end":{"line":96,"column":13}},"50":{"start":{"line":95,"column":16},"end":{"line":95,"column":56}},"51":{"start":{"line":100,"column":4},"end":{"line":104,"column":6}}},"fnMap":{"0":{"name":"(anonymous_9)","decl":{"start":{"line":107,"column":9},"end":{"line":107,"column":19}},"loc":{"start":{"line":107,"column":9},"end":{"line":3,"column":63}}},"1":{"name":"useWebSocketWithRequests","decl":{"start":{"line":7,"column":16},"end":{"line":7,"column":40}},"loc":{"start":{"line":7,"column":52},"end":{"line":105,"column":1}}},"2":{"name":"(anonymous_11)","decl":{"start":{"line":11,"column":25},"end":{"line":11,"column":28}},"loc":{"start":{"line":11,"column":31},"end":{"line":11,"column":35}}},"3":{"name":"(anonymous_12)","decl":{"start":{"line":14,"column":14},"end":{"line":14,"column":17}},"loc":{"start":{"line":14,"column":19},"end":{"line":50,"column":5}}},"4":{"name":"(anonymous_13)","decl":{"start":{"line":44,"column":37},"end":{"line":44,"column":44}},"loc":{"start":{"line":44,"column":48},"end":{"line":44,"column":65}}},"5":{"name":"(anonymous_14)","decl":{"start":{"line":52,"column":36},"end":{"line":52,"column":41}},"loc":{"start":{"line":55,"column":23},"end":{"line":77,"column":5}}},"6":{"name":"(anonymous_15)","decl":{"start":{"line":62,"column":42},"end":{"line":62,"column":43}},"loc":{"start":{"line":62,"column":62},"end":{"line":69,"column":9}}},"7":{"name":"(anonymous_16)","decl":{"start":{"line":63,"column":39},"end":{"line":63,"column":42}},"loc":{"start":{"line":63,"column":44},"end":{"line":66,"column":13}}},"8":{"name":"(anonymous_17)","decl":{"start":{"line":79,"column":34},"end":{"line":79,"column":null}},"loc":{"start":{"line":82,"column":8},"end":{"line":98,"column":5}}},"9":{"name":"(anonymous_18)","decl":{"start":{"line":92,"column":15},"end":{"line":92,"column":18}},"loc":{"start":{"line":92,"column":20},"end":{"line":97,"column":9}}}},"branchMap":{"0":{"loc":{"start":{"line":15,"column":8},"end":{"line":49,"column":9}},"type":"if","locations":[{"start":{"line":15,"column":8},"end":{"line":49,"column":9}}]},"1":{"loc":{"start":{"line":19,"column":16},"end":{"line":22,"column":17}},"type":"if","locations":[{"start":{"line":19,"column":16},"end":{"line":22,"column":17}}]},"2":{"loc":{"start":{"line":24,"column":16},"end":{"line":38,"column":17}},"type":"if","locations":[{"start":{"line":24,"column":16},"end":{"line":38,"column":17}}]},"3":{"loc":{"start":{"line":24,"column":20},"end":{"line":24,"column":79}},"type":"binary-expr","locations":[{"start":{"line":24,"column":20},"end":{"line":24,"column":37}},{"start":{"line":24,"column":41},"end":{"line":24,"column":79}}]},"4":{"loc":{"start":{"line":28,"column":20},"end":{"line":34,"column":21}},"type":"if","locations":[{"start":{"line":28,"column":20},"end":{"line":34,"column":21}},{"start":{"line":30,"column":27},"end":{"line":34,"column":21}}]},"5":{"loc":{"start":{"line":41,"column":16},"end":{"line":45,"column":17}},"type":"if","locations":[{"start":{"line":41,"column":16},"end":{"line":45,"column":17}}]},"6":{"loc":{"start":{"line":54,"column":8},"end":{"line":54,"column":32}},"type":"default-arg","locations":[{"start":{"line":54,"column":28},"end":{"line":54,"column":32}}]},"7":{"loc":{"start":{"line":56,"column":8},"end":{"line":58,"column":9}},"type":"if","locations":[{"start":{"line":56,"column":8},"end":{"line":58,"column":9}}]},"8":{"loc":{"start":{"line":85,"column":8},"end":{"line":87,"column":9}},"type":"if","locations":[{"start":{"line":85,"column":8},"end":{"line":87,"column":9}}]},"9":{"loc":{"start":{"line":94,"column":12},"end":{"line":96,"column":13}},"type":"if","locations":[{"start":{"line":94,"column":12},"end":{"line":96,"column":13}}]}},"s":{"0":1,"1":1,"2":1,"3":1,"4":1,"5":1,"6":4,"7":0,"8":4,"9":2,"10":0,"11":0,"12":0,"13":0,"14":0,"15":0,"16":0,"17":0,"18":0,"19":0,"20":0,"21":0,"22":0,"23":0,"24":0,"25":0,"26":0,"27":0,"28":0,"29":0,"30":4,"31":2,"32":2,"33":0,"34":0,"35":0,"36":0,"37":0,"38":0,"39":0,"40":0,"41":4,"42":0,"43":0,"44":0,"45":0,"46":0,"47":0,"48":0,"49":0,"50":0,"51":4},"f":{"0":0,"1":4,"2":0,"3":2,"4":0,"5":2,"6":0,"7":0,"8":0,"9":0},"b":{"0":[0],"1":[0],"2":[0],"3":[0,0],"4":[0,0],"5":[0],"6":[1],"7":[2],"8":[0],"9":[0]}}
,"/home/alex/src/ws-request-hook/src/index.ts": {"path":"/home/alex/src/ws-request-hook/src/index.ts","statementMap":{"0":{"start":{"line":2,"column":0},"end":{"line":2,"column":9}},"1":{"start":{"line":2,"column":9},"end":{"line":2,"column":35}},"2":{"start":{"line":2,"column":35},"end":{"line":2,"column":62}},"3":{"start":{"line":3,"column":0},"end":{"line":3,"column":9}},"4":{"start":{"line":3,"column":9},"end":{"line":3,"column":34}}},"fnMap":{"0":{"name":"(anonymous_0)","decl":{"start":{"line":2,"column":9},"end":{"line":2,"column":33}},"loc":{"start":{"line":2,"column":9},"end":{"line":2,"column":35}}},"1":{"name":"(anonymous_1)","decl":{"start":{"line":2,"column":35},"end":{"line":2,"column":45}},"loc":{"start":{"line":2,"column":35},"end":{"line":2,"column":62}}},"2":{"name":"(anonymous_2)","decl":{"start":{"line":3,"column":9},"end":{"line":3,"column":16}},"loc":{"start":{"line":3,"column":9},"end":{"line":3,"column":34}}}},"branchMap":{},"s":{"0":0,"1":0,"2":0,"3":0,"4":0},"f":{"0":0,"1":0,"2":0},"b":{}}
,"/home/alex/src/ws-request-hook/src/store.ts": {"path":"/home/alex/src/ws-request-hook/src/store.ts","statementMap":{"0":{"start":{"line":4,"column":13},"end":{"line":7,"column":4}},"1":{"start":{"line":9,"column":13},"end":{"line":9,"column":65}}},"fnMap":{},"branchMap":{},"s":{"0":1,"1":1},"f":{},"b":{}}
,"/home/alex/src/ws-request-hook/src/types.ts": {"path":"/home/alex/src/ws-request-hook/src/types.ts","statementMap":{"0":{"start":{"line":7,"column":8},"end":{"line":7,"column":47}},"1":{"start":{"line":2,"column":0},"end":{"line":2,"column":22}}},"fnMap":{"0":{"name":"(anonymous_0)","decl":{"start":{"line":5,"column":4},"end":{"line":5,"column":null}},"loc":{"start":{"line":5,"column":4},"end":{"line":8,"column":5}}}},"branchMap":{},"s":{"0":2,"1":1},"f":{"0":2},"b":{}}
}
