TN:
SF:src/hook.ts
FN:107,(anonymous_9)
FN:7,useWebSocketWithRequests
FN:11,(anonymous_11)
FN:14,(anonymous_12)
FN:44,(anonymous_13)
FN:52,(anonymous_14)
FN:62,(anonymous_15)
FN:63,(anonymous_16)
FN:79,(anonymous_17)
FN:92,(anonymous_18)
FNF:10
FNH:3
FNDA:0,(anonymous_9)
FNDA:4,useWebSocketWithRequests
FNDA:0,(anonymous_11)
FNDA:2,(anonymous_12)
FNDA:0,(anonymous_13)
FNDA:2,(anonymous_14)
FNDA:0,(anonymous_15)
FNDA:0,(anonymous_16)
FNDA:0,(anonymous_17)
FNDA:0,(anonymous_18)
DA:2,1
DA:3,1
DA:4,1
DA:5,1
DA:7,1
DA:8,4
DA:11,0
DA:14,4
DA:15,2
DA:16,0
DA:17,0
DA:19,0
DA:20,0
DA:21,0
DA:24,0
DA:25,0
DA:26,0
DA:28,0
DA:29,0
DA:32,0
DA:33,0
DA:36,0
DA:37,0
DA:40,0
DA:41,0
DA:43,0
DA:44,0
DA:47,0
DA:52,4
DA:56,2
DA:57,2
DA:60,0
DA:62,0
DA:63,0
DA:64,0
DA:65,0
DA:68,0
DA:71,0
DA:76,0
DA:79,4
DA:83,0
DA:85,0
DA:86,0
DA:89,0
DA:90,0
DA:92,0
DA:93,0
DA:94,0
DA:95,0
DA:100,4
DA:107,1
LF:51
LH:14
BRDA:15,0,0,0
BRDA:19,1,0,0
BRDA:24,2,0,0
BRDA:24,3,0,0
BRDA:24,3,1,0
BRDA:28,4,0,0
BRDA:28,4,1,0
BRDA:41,5,0,0
BRDA:54,6,0,1
BRDA:56,7,0,2
BRDA:85,8,0,0
BRDA:94,9,0,0
BRF:12
BRH:2
end_of_record
TN:
SF:src/index.ts
FN:2,(anonymous_0)
FN:2,(anonymous_1)
FN:3,(anonymous_2)
FNF:3
FNH:0
FNDA:0,(anonymous_0)
FNDA:0,(anonymous_1)
FNDA:0,(anonymous_2)
DA:2,0
DA:3,0
LF:2
LH:0
BRF:0
BRH:0
end_of_record
TN:
SF:src/store.ts
FNF:0
FNH:0
DA:4,1
DA:9,1
LF:2
LH:2
BRF:0
BRH:0
end_of_record
TN:
SF:src/types.ts
FN:5,(anonymous_0)
FNF:1
FNH:1
FNDA:2,(anonymous_0)
DA:2,1
DA:7,2
LF:2
LH:2
BRF:0
BRH:0
end_of_record
